{"level":"info","message":"Hello from the dev(bablu)!","service":"user-service","timestamp":"2025-12-30T14:40:00.014Z"}
{"level":"info","message":"::1 - - [30/Dec/2025:14:40:00 +0000] \"GET / HTTP/1.1\" 200 13 \"-\" \"Mozilla/5.0 (Windows NT 10.0; Win64; x64) AppleWebKit/537.36 (KHTML, like Gecko) Chrome/143.0.0.0 Safari/537.36\"","service":"user-service","timestamp":"2025-12-30T14:40:00.055Z"}
{"level":"info","message":"::1 - - [30/Dec/2025:14:40:00 +0000] \"GET /favicon.ico HTTP/1.1\" 404 150 \"-\" \"Mozilla/5.0 (Windows NT 10.0; Win64; x64) AppleWebKit/537.36 (KHTML, like Gecko) Chrome/143.0.0.0 Safari/537.36\"","service":"user-service","timestamp":"2025-12-30T14:40:00.414Z"}
{"level":"info","message":"::1 - - [31/Dec/2025:15:15:12 +0000] \"POST /sign-up HTTP/1.1\" 404 147 \"-\" \"PostmanRuntime/7.44.0\"","service":"user-service","timestamp":"2025-12-31T15:15:12.127Z"}
{"level":"error","message":"Failed to hash password data and salt arguments required","service":"user-service","stack":"Error: data and salt arguments required\n    at Object.hash (C:\\Users\\Prasang\\Desktop\\Production API Backend\\Production-API-Backend\\node_modules\\bcrypt\\bcrypt.js:133:17)\n    at C:\\Users\\Prasang\\Desktop\\Production API Backend\\Production-API-Backend\\node_modules\\bcrypt\\promises.js:26:12\n    at new Promise (<anonymous>)\n    at Object.promise (C:\\Users\\Prasang\\Desktop\\Production API Backend\\Production-API-Backend\\node_modules\\bcrypt\\promises.js:17:12)\n    at Object.hash (C:\\Users\\Prasang\\Desktop\\Production API Backend\\Production-API-Backend\\node_modules\\bcrypt\\bcrypt.js:129:25)\n    at hashedPassword (file:///C:/Users/Prasang/Desktop/Production%20API%20Backend/Production-API-Backend/src/services/auth.service.js:7:29)\n    at createUser (file:///C:/Users/Prasang/Desktop/Production%20API%20Backend/Production-API-Backend/src/services/auth.service.js:31:37)\n    at process.processTicksAndRejections (node:internal/process/task_queues:105:5)\n    at async signup (file:///C:/Users/Prasang/Desktop/Production%20API%20Backend/Production-API-Backend/src/controllers/auth.controller.js:19:25)","timestamp":"2025-12-31T15:15:48.875Z"}
{"level":"error","message":"Error creating user Failed to hash password","service":"user-service","stack":"Error: Failed to hash password\n    at hashedPassword (file:///C:/Users/Prasang/Desktop/Production%20API%20Backend/Production-API-Backend/src/services/auth.service.js:11:15)\n    at process.processTicksAndRejections (node:internal/process/task_queues:105:5)\n    at async createUser (file:///C:/Users/Prasang/Desktop/Production%20API%20Backend/Production-API-Backend/src/services/auth.service.js:31:31)\n    at async signup (file:///C:/Users/Prasang/Desktop/Production%20API%20Backend/Production-API-Backend/src/controllers/auth.controller.js:19:25)","timestamp":"2025-12-31T15:15:48.876Z"}
{"level":"error","message":"Error during user signup Error creating user","service":"user-service","stack":"Error: Error creating user\n    at createUser (file:///C:/Users/Prasang/Desktop/Production%20API%20Backend/Production-API-Backend/src/services/auth.service.js:48:15)\n    at process.processTicksAndRejections (node:internal/process/task_queues:105:5)\n    at async signup (file:///C:/Users/Prasang/Desktop/Production%20API%20Backend/Production-API-Backend/src/controllers/auth.controller.js:19:25)","timestamp":"2025-12-31T15:15:48.877Z"}
{"level":"info","message":"::1 - - [31/Dec/2025:15:15:48 +0000] \"POST /api/auth/sign-up HTTP/1.1\" 500 559 \"-\" \"PostmanRuntime/7.44.0\"","service":"user-service","timestamp":"2025-12-31T15:15:48.882Z"}
{"email":"prayasyadav248@gmail.com","level":"info","message":"User created successfully","service":"user-service","timestamp":"2025-12-31T15:20:24.507Z"}
{"email":"prayasyadav248@gmail.com","level":"info","message":"User signed up successfully","service":"user-service","timestamp":"2025-12-31T15:20:24.606Z"}
{"level":"info","message":"::1 - - [31/Dec/2025:15:20:24 +0000] \"POST /api/auth/sign-up HTTP/1.1\" 201 126 \"-\" \"PostmanRuntime/7.44.0\"","service":"user-service","timestamp":"2025-12-31T15:20:24.645Z"}
{"level":"info","message":"::1 - - [15/Jan/2026:23:42:45 +0000] \"POST /api/auth/sign-in HTTP/1.1\" 400 92 \"-\" \"PostmanRuntime/7.51.0\"","service":"user-service","timestamp":"2026-01-15T23:42:45.263Z"}
{"email":"prayasyadav248@gmail.com","level":"info","message":"User found by email","service":"user-service","timestamp":"2026-01-15T23:44:02.048Z"}
{"email":"prayasyadav248@gmail.com","level":"info","message":"Password matched for user","service":"user-service","timestamp":"2026-01-15T23:44:02.143Z"}
{"email":"prayasyadav248@gmail.com","level":"info","message":"User signed in successfully","service":"user-service","timestamp":"2026-01-15T23:44:02.157Z"}
{"level":"info","message":"::1 - - [15/Jan/2026:23:44:02 +0000] \"POST /api/auth/sign-in HTTP/1.1\" 200 128 \"-\" \"PostmanRuntime/7.51.0\"","service":"user-service","timestamp":"2026-01-15T23:44:02.164Z"}
{"ip":"::1","level":"warn","message":"Bot request blocker","path":"/health","service":"user-service","timestamp":"2026-01-16T01:04:26.078Z","userAgent":"PostmanRuntime/7.51.0"}
{"level":"info","message":"::1 - - [16/Jan/2026:01:04:26 +0000] \"POST /health HTTP/1.1\" 403 51 \"-\" \"PostmanRuntime/7.51.0\"","service":"user-service","timestamp":"2026-01-16T01:04:26.093Z"}
{"ip":"::1","level":"warn","message":"Bot request blocker","path":"/health","service":"user-service","timestamp":"2026-01-16T01:04:27.902Z","userAgent":"PostmanRuntime/7.51.0"}
{"level":"info","message":"::1 - - [16/Jan/2026:01:04:27 +0000] \"POST /health HTTP/1.1\" 403 51 \"-\" \"PostmanRuntime/7.51.0\"","service":"user-service","timestamp":"2026-01-16T01:04:27.905Z"}
{"ip":"::1","level":"warn","message":"Bot request blocker","path":"/health","service":"user-service","timestamp":"2026-01-16T01:04:50.916Z","userAgent":"PostmanRuntime/7.51.0"}
{"level":"info","message":"::1 - - [16/Jan/2026:01:04:50 +0000] \"GET /health HTTP/1.1\" 403 51 \"-\" \"PostmanRuntime/7.51.0\"","service":"user-service","timestamp":"2026-01-16T01:04:50.918Z"}
{"ip":"::1","level":"warn","message":"Bot request blocker","path":"/health","service":"user-service","timestamp":"2026-01-16T01:04:52.574Z","userAgent":"PostmanRuntime/7.51.0"}
{"level":"info","message":"::1 - - [16/Jan/2026:01:04:52 +0000] \"GET /health HTTP/1.1\" 403 51 \"-\" \"PostmanRuntime/7.51.0\"","service":"user-service","timestamp":"2026-01-16T01:04:52.577Z"}
{"ip":"::1","level":"warn","message":"Bot request blocker","path":"/health","service":"user-service","timestamp":"2026-01-16T01:05:32.938Z","userAgent":"PostmanRuntime/7.51.0"}
{"level":"info","message":"::1 - - [16/Jan/2026:01:05:32 +0000] \"GET /health HTTP/1.1\" 403 51 \"-\" \"PostmanRuntime/7.51.0\"","service":"user-service","timestamp":"2026-01-16T01:05:32.941Z"}
{"ip":"::1","level":"warn","message":"Bot request blocker","path":"/api/auth/sign-in","service":"user-service","timestamp":"2026-01-16T01:05:40.409Z","userAgent":"PostmanRuntime/7.51.0"}
{"level":"info","message":"::1 - - [16/Jan/2026:01:05:40 +0000] \"POST /api/auth/sign-in HTTP/1.1\" 403 51 \"-\" \"PostmanRuntime/7.51.0\"","service":"user-service","timestamp":"2026-01-16T01:05:40.411Z"}
{"ip":"::1","level":"warn","message":"Bot request blocker","path":"/api/auth/sign-in","service":"user-service","timestamp":"2026-01-16T01:08:00.336Z","userAgent":"PostmanRuntime/7.51.0"}
{"level":"info","message":"::1 - - [16/Jan/2026:01:08:00 +0000] \"POST /api/auth/sign-in HTTP/1.1\" 403 51 \"-\" \"PostmanRuntime/7.51.0\"","service":"user-service","timestamp":"2026-01-16T01:08:00.346Z"}
{"ip":"::1","level":"warn","message":"Bot request blocker","path":"/health","service":"user-service","timestamp":"2026-01-16T01:08:03.249Z","userAgent":"PostmanRuntime/7.51.0"}
{"level":"info","message":"::1 - - [16/Jan/2026:01:08:03 +0000] \"GET /health HTTP/1.1\" 403 51 \"-\" \"PostmanRuntime/7.51.0\"","service":"user-service","timestamp":"2026-01-16T01:08:03.252Z"}
{"ip":"::1","level":"warn","message":"Bot request blocker","path":"/health","service":"user-service","timestamp":"2026-01-16T01:08:04.254Z","userAgent":"PostmanRuntime/7.51.0"}
{"level":"info","message":"::1 - - [16/Jan/2026:01:08:04 +0000] \"GET /health HTTP/1.1\" 403 51 \"-\" \"PostmanRuntime/7.51.0\"","service":"user-service","timestamp":"2026-01-16T01:08:04.256Z"}
{"level":"info","message":"Hello from the dev(bablu)!","service":"user-service","timestamp":"2026-01-18T11:48:41.447Z"}
{"level":"info","message":"::1 - - [18/Jan/2026:11:48:41 +0000] \"GET / HTTP/1.1\" 200 13 \"-\" \"Mozilla/5.0 (Windows NT 10.0; Win64; x64) AppleWebKit/537.36 (KHTML, like Gecko) Chrome/143.0.0.0 Safari/537.36\"","service":"user-service","timestamp":"2026-01-18T11:48:41.457Z"}
{"level":"info","message":"::1 - - [18/Jan/2026:11:48:42 +0000] \"GET /favicon.ico HTTP/1.1\" 404 150 \"-\" \"Mozilla/5.0 (Windows NT 10.0; Win64; x64) AppleWebKit/537.36 (KHTML, like Gecko) Chrome/143.0.0.0 Safari/537.36\"","service":"user-service","timestamp":"2026-01-18T11:48:42.063Z"}
